* installing *source* package 'SSDforR' ...
** package 'SSDforR' successfully unpacked and MD5 sums checked
** using staged installation
** R
** byte-compile and prepare package for lazy loading
Warning messages:
1: package 'psych' was built under R version 4.0.5 
2: package 'TTR' was built under R version 4.0.5 
3: package 'MASS' was built under R version 4.0.5 
** help
*** installing help indices
** building package indices
** testing if installed package can be loaded from temporary location
*** arch - i386
Warning: package 'psych' was built under R version 4.0.5
Warning: package 'TTR' was built under R version 4.0.5
Warning: package 'MASS' was built under R version 4.0.5
*** arch - x64
Warning: package 'psych' was built under R version 4.0.5
Warning: package 'TTR' was built under R version 4.0.5
Warning: package 'MASS' was built under R version 4.0.5
** testing if installed package can be loaded from final location
*** arch - i386
Warning: package 'psych' was built under R version 4.0.5
Warning: package 'TTR' was built under R version 4.0.5
Warning: package 'MASS' was built under R version 4.0.5
*** arch - x64
Warning: package 'psych' was built under R version 4.0.5
Warning: package 'TTR' was built under R version 4.0.5
Warning: package 'MASS' was built under R version 4.0.5
** testing if installed package keeps a record of temporary installation path
* DONE (SSDforR)
